<?xml version="1.0" encoding="UTF-8"?>
<!-- Generated by org.testng.reporters.JUnitReportReporter -->
<testsuite skipped="0" hostname="DESKTOP-PENJ0PM" name="TestNGpackage.TestNGTask" tests="2" failures="0" timestamp="17 Oct 2021 18:04:43 GMT" time="31.863" errors="0">
  <testcase name="signin" time="13.778" classname="TestNGpackage.TestNGTask"/>
  <testcase name="creatnewaccount" time="18.085" classname="TestNGpackage.TestNGTask"/>
</testsuite> <!-- TestNGpackage.TestNGTask -->
